c:\users\bill_\source\repos\vehicles4final\vehicles_do_mksh_workshop_actions_dyn_wheels\vehicles\vehicles\x64\debug\vc142.pdb
c:\users\bill_\source\repos\vehicles4final\vehicles_do_mksh_workshop_actions_dyn_wheels\vehicles\vehicles\x64\debug\vc142.idb
c:\users\bill_\source\repos\vehicles4final\vehicles_do_mksh_workshop_actions_dyn_wheels\vehicles\vehicles\x64\debug\workshop.obj
c:\users\bill_\source\repos\vehicles4final\vehicles_do_mksh_workshop_actions_dyn_wheels\vehicles\vehicles\x64\debug\wheel.obj
c:\users\bill_\source\repos\vehicles4final\vehicles_do_mksh_workshop_actions_dyn_wheels\vehicles\vehicles\x64\debug\motorbike.obj
c:\users\bill_\source\repos\vehicles4final\vehicles_do_mksh_workshop_actions_dyn_wheels\vehicles\vehicles\x64\debug\lorry.obj
c:\users\bill_\source\repos\vehicles4final\vehicles_do_mksh_workshop_actions_dyn_wheels\vehicles\vehicles\x64\debug\i_vehicle.obj
c:\users\bill_\source\repos\vehicles4final\vehicles_do_mksh_workshop_actions_dyn_wheels\vehicles\vehicles\x64\debug\car.obj
c:\users\bill_\source\repos\vehicles4final\vehicles_do_mksh_workshop_actions_dyn_wheels\vehicles\vehicles\x64\debug\vehicles.obj
c:\users\bill_\source\repos\vehicles4final\vehicles_do_mksh_workshop_actions_dyn_wheels\vehicles\x64\debug\vehicles.pdb
c:\users\bill_\source\repos\vehicles4final\vehicles_do_mksh_workshop_actions_dyn_wheels\vehicles\vehicles\x64\debug\vehicles.tlog\cl.command.1.tlog
c:\users\bill_\source\repos\vehicles4final\vehicles_do_mksh_workshop_actions_dyn_wheels\vehicles\vehicles\x64\debug\vehicles.tlog\cl.read.1.tlog
c:\users\bill_\source\repos\vehicles4final\vehicles_do_mksh_workshop_actions_dyn_wheels\vehicles\vehicles\x64\debug\vehicles.tlog\cl.write.1.tlog
c:\users\bill_\source\repos\vehicles4final\vehicles_do_mksh_workshop_actions_dyn_wheels\vehicles\vehicles\x64\debug\vehicles.tlog\link-cvtres.read.1.tlog
c:\users\bill_\source\repos\vehicles4final\vehicles_do_mksh_workshop_actions_dyn_wheels\vehicles\vehicles\x64\debug\vehicles.tlog\link-cvtres.write.1.tlog
c:\users\bill_\source\repos\vehicles4final\vehicles_do_mksh_workshop_actions_dyn_wheels\vehicles\vehicles\x64\debug\vehicles.tlog\link-rc.read.1.tlog
c:\users\bill_\source\repos\vehicles4final\vehicles_do_mksh_workshop_actions_dyn_wheels\vehicles\vehicles\x64\debug\vehicles.tlog\link-rc.write.1.tlog
c:\users\bill_\source\repos\vehicles4final\vehicles_do_mksh_workshop_actions_dyn_wheels\vehicles\vehicles\x64\debug\vehicles.tlog\link.command.1.tlog
c:\users\bill_\source\repos\vehicles4final\vehicles_do_mksh_workshop_actions_dyn_wheels\vehicles\vehicles\x64\debug\vehicles.tlog\link.read.1.tlog
c:\users\bill_\source\repos\vehicles4final\vehicles_do_mksh_workshop_actions_dyn_wheels\vehicles\vehicles\x64\debug\vehicles.tlog\link.write.1.tlog
